
> travelai-deals@0.1.0 build
> vite build --sourcemap

[36mvite v5.0.0 [32mbuilding for production...[36m[39m
transforming...
node.exe : [baseline-
browser-mapping] The 
data in this module 
is over two months 
old.  To ensure 
accurate Baseline 
data, please update: 
`npm i baseline-brows
er-mapping@latest -D`
At C:\Program Files\n
odejs\npm.ps1:29 
char:3
+   & $NODE_EXE 
$NPM_CLI_JS $args
+   ~~~~~~~~~~~~~~~~~
~~~~~~~~~~~~
    + CategoryInfo   
           : NotSpe  
  cified: ([baseli   
 ne-brows...ping@    
latest -D`:Strin    
g) [], RemoteExc    
eption
    + FullyQualified 
   ErrorId : Native  
  CommandError
 
[32mΓ£ô[39m 72 modules transformed.
[31mCould not 
resolve "./components
/Features" from "src/
pages/home-page/index
.jsx"[39m
file: [36mC:/Users/i
ulia/travelai_deals/s
rc/pages/home-page/in
dex.jsx[39m
[31merror during 
build:
RollupError: Could 
not resolve "./compon
ents/Features" from "
src/pages/home-page/i
ndex.jsx"
    at 
getRollupError (file:
///C:/Users/iulia/tra
velai_deals/node_modu
les/rollup/dist/es/sh
ared/parseAst.js:401:
41)
    at error (file://
/C:/Users/iulia/trave
lai_deals/node_module
s/rollup/dist/es/shar
ed/parseAst.js:397:42
)
    at ModuleLoader.h
andleInvalidResolvedI
d (file:///C:/Users/i
ulia/travelai_deals/n
ode_modules/rollup/di
st/es/shared/node-ent
ry.js:21565:24)
    at file:///C:/Use
rs/iulia/travelai_dea
ls/node_modules/rollu
p/dist/es/shared/node
-entry.js:21525:26[3
9m
